<?xml version="1.0" encoding="UTF-8"?>
<!-- Generated by org.testng.reporters.JUnitReportReporter -->
<testsuite name="Skybitz_Maintanance_MainScripts.Truck" tests="1" time="2100.079" ignored="0" failures="0" timestamp="09 Feb 2018 09:24:25 GMT" skipped="0" hostname="svcs-PC" errors="0">
  <testcase name="Main_Functionalities" time="2100.079" classname="Skybitz_Maintanance_MainScripts.Truck"/>
</testsuite> <!-- Skybitz_Maintanance_MainScripts.Truck -->
