<?xml version="1.0" encoding="UTF-8"?>
<!-- Generated by org.testng.reporters.JUnitReportReporter -->
<testsuite name="Skybitz_Maintanance_MainScripts.Shift" tests="1" time="686.997" ignored="0" failures="0" timestamp="07 Feb 2018 11:14:55 GMT" skipped="0" hostname="svcs-PC" errors="0">
  <testcase name="Main_Functionalities" time="686.997" classname="Skybitz_Maintanance_MainScripts.Shift"/>
</testsuite> <!-- Skybitz_Maintanance_MainScripts.Shift -->
