<?xml version="1.0" encoding="UTF-8"?>
<!-- Generated by org.testng.reporters.JUnitReportReporter -->
<testsuite name="Skybitz_Maintanance_MainScripts.CustomerShipto" tests="1" time="109.302" ignored="0" failures="0" timestamp="18 Jul 2017 12:54:59 GMT" skipped="0" hostname="svcs-PC" errors="0">
  <testcase name="Main_Functionalities" time="109.302" classname="Skybitz_Maintanance_MainScripts.CustomerShipto"/>
</testsuite> <!-- Skybitz_Maintanance_MainScripts.CustomerShipto -->
